2013-01-09T13:28:06+01:00|graburl|http://feeds2.feedburner.com/MilongaBlog|66527 bytes|from web
2013-01-09T13:28:07+01:00|graburl|http://api.flickr.com/services/feeds/groups_pool.gne?id=386755@N22&lang=en-us&format=rss_200|41124 bytes|from web
2013-01-09T13:28:07+01:00|graburl|http://api.flickr.com/services/feeds/photoset.gne?set=72157629227970560&nsid=37855527@N00&lang=en-us&format=rss_200|12588 bytes|from web
2013-01-09T13:28:49+01:00|graburl|http://feeds2.feedburner.com/MilongaBlog|66527 bytes|from cache
2013-01-09T13:28:49+01:00|graburl|http://api.flickr.com/services/feeds/groups_pool.gne?id=386755@N22&lang=en-us&format=rss_200|41124 bytes|from cache
2013-01-09T13:29:15+01:00|graburl|http://feeds2.feedburner.com/MilongaBlog|66527 bytes|from cache
2013-01-09T13:29:15+01:00|graburl|http://api.flickr.com/services/feeds/groups_pool.gne?id=386755@N22&lang=en-us&format=rss_200|41124 bytes|from cache
2013-01-09T13:29:56+01:00|graburl|http://feeds2.feedburner.com/MilongaBlog|66527 bytes|from cache
2013-01-09T13:29:57+01:00|graburl|http://api.flickr.com/services/feeds/groups_pool.gne?id=386755@N22&lang=en-us&format=rss_200|41124 bytes|from cache
2013-01-09T13:31:55+01:00|graburl|http://feeds2.feedburner.com/MilongaBlog|66527 bytes|from cache
2013-01-09T13:31:55+01:00|graburl|http://api.flickr.com/services/feeds/groups_pool.gne?id=386755@N22&lang=en-us&format=rss_200|41124 bytes|from cache
2013-01-09T13:33:27+01:00|graburl|http://feeds2.feedburner.com/MilongaBlog|66527 bytes|from cache
2013-01-09T13:33:27+01:00|graburl|http://api.flickr.com/services/feeds/groups_pool.gne?id=386755@N22&lang=en-us&format=rss_200|41124 bytes|from cache
2013-01-09T13:34:31+01:00|graburl|http://feeds2.feedburner.com/MilongaBlog|66527 bytes|from cache
2013-01-09T13:34:31+01:00|graburl|http://api.flickr.com/services/feeds/groups_pool.gne?id=386755@N22&lang=en-us&format=rss_200|41124 bytes|from cache
2013-01-09T13:34:43+01:00|graburl|http://feeds2.feedburner.com/MilongaBlog|66527 bytes|from cache
2013-01-09T13:34:43+01:00|graburl|http://api.flickr.com/services/feeds/groups_pool.gne?id=386755@N22&lang=en-us&format=rss_200|41124 bytes|from cache
2013-01-09T13:34:59+01:00|graburl|http://feeds2.feedburner.com/MilongaBlog|66527 bytes|from cache
2013-01-09T13:34:59+01:00|graburl|http://api.flickr.com/services/feeds/groups_pool.gne?id=386755@N22&lang=en-us&format=rss_200|41124 bytes|from cache
2013-01-09T13:35:16+01:00|graburl|http://feeds2.feedburner.com/MilongaBlog|66527 bytes|from cache
2013-01-09T13:35:16+01:00|graburl|http://api.flickr.com/services/feeds/groups_pool.gne?id=386755@N22&lang=en-us&format=rss_200|41124 bytes|from cache
2013-01-09T13:35:27+01:00|graburl|http://feeds2.feedburner.com/MilongaBlog|66527 bytes|from cache
2013-01-09T13:35:27+01:00|graburl|http://api.flickr.com/services/feeds/groups_pool.gne?id=386755@N22&lang=en-us&format=rss_200|41124 bytes|from cache
2013-01-09T13:35:46+01:00|graburl|http://api.flickr.com/services/feeds/groups_pool.gne?id=386755@N22&lang=en-us&format=rss_200|41124 bytes|from cache
2013-01-09T13:35:52+01:00|graburl|http://api.flickr.com/services/feeds/groups_pool.gne?id=386755@N22&lang=en-us&format=rss_200|41124 bytes|from cache
2013-01-09T13:36:03+01:00|graburl|http://api.flickr.com/services/feeds/groups_pool.gne?id=386755@N22&lang=en-us&format=rss_200|41124 bytes|from cache
2013-01-09T13:36:34+01:00|graburl|http://api.flickr.com/services/feeds/groups_pool.gne?id=386755@N22&lang=en-us&format=rss_200|41124 bytes|from cache
2013-01-09T13:37:28+01:00|graburl|http://api.flickr.com/services/feeds/groups_pool.gne?id=386755@N22&lang=en-us&format=rss_200|41124 bytes|from cache
2013-01-09T13:38:38+01:00|graburl|http://api.flickr.com/services/feeds/groups_pool.gne?id=386755@N22&lang=en-us&format=rss_200|41124 bytes|from cache
2013-01-09T13:39:12+01:00|graburl|http://api.flickr.com/services/feeds/groups_pool.gne?id=386755@N22&lang=en-us&format=rss_200|41124 bytes|from cache
2013-01-09T13:40:11+01:00|graburl|http://api.flickr.com/services/feeds/groups_pool.gne?id=386755@N22&lang=en-us&format=rss_200|41124 bytes|from cache
2013-01-09T13:40:37+01:00|graburl|http://api.flickr.com/services/feeds/groups_pool.gne?id=386755@N22&lang=en-us&format=rss_200|41124 bytes|from cache
2013-01-09T13:41:25+01:00|graburl|http://api.flickr.com/services/feeds/groups_pool.gne?id=386755@N22&lang=en-us&format=rss_200|41124 bytes|from cache
2013-01-09T13:41:27+01:00|graburl|http://api.flickr.com/services/feeds/groups_pool.gne?id=386755@N22&lang=en-us&format=rss_200|41124 bytes|from cache
2013-01-09T13:42:38+01:00|graburl|http://api.flickr.com/services/feeds/groups_pool.gne?id=386755@N22&lang=en-us&format=rss_200|41124 bytes|from cache
2013-01-09T13:42:40+01:00|graburl|http://api.flickr.com/services/feeds/groups_pool.gne?id=386755@N22&lang=en-us&format=rss_200|41124 bytes|from cache
2013-01-09T13:42:52+01:00|graburl|http://api.flickr.com/services/feeds/groups_pool.gne?id=386755@N22&lang=en-us&format=rss_200|41124 bytes|from cache
2013-01-09T13:43:33+01:00|graburl|http://api.flickr.com/services/feeds/groups_pool.gne?id=386755@N22&lang=en-us&format=rss_200|41124 bytes|from cache
2013-01-09T13:43:41+01:00|graburl|http://api.flickr.com/services/feeds/groups_pool.gne?id=386755@N22&lang=en-us&format=rss_200|41124 bytes|from cache
2013-01-09T13:43:59+01:00|graburl|http://api.flickr.com/services/feeds/groups_pool.gne?id=386755@N22&lang=en-us&format=rss_200|41124 bytes|from cache
2013-01-09T13:44:01+01:00|graburl|http://api.flickr.com/services/feeds/groups_pool.gne?id=386755@N22&lang=en-us&format=rss_200|41124 bytes|from cache
2013-01-09T13:44:17+01:00|graburl|http://api.flickr.com/services/feeds/groups_pool.gne?id=386755@N22&lang=en-us&format=rss_200|41124 bytes|from cache
2013-01-09T13:45:12+01:00|graburl|http://api.flickr.com/services/feeds/groups_pool.gne?id=386755@N22&lang=en-us&format=rss_200|41124 bytes|from cache
2013-01-09T13:45:21+01:00|graburl|http://api.flickr.com/services/feeds/groups_pool.gne?id=386755@N22&lang=en-us&format=rss_200|41124 bytes|from cache
2013-01-09T13:45:39+01:00|graburl|http://api.flickr.com/services/feeds/groups_pool.gne?id=386755@N22&lang=en-us&format=rss_200|41124 bytes|from cache
2013-01-09T13:47:52+01:00|graburl|http://api.flickr.com/services/feeds/groups_pool.gne?id=386755@N22&lang=en-us&format=rss_200|41124 bytes|from cache
2013-01-09T13:49:54+01:00|graburl|http://api.flickr.com/services/feeds/groups_pool.gne?id=386755@N22&lang=en-us&format=rss_200|41124 bytes|from cache
2013-01-09T13:50:14+01:00|graburl|http://api.flickr.com/services/feeds/groups_pool.gne?id=386755@N22&lang=en-us&format=rss_200|41124 bytes|from cache
2013-01-09T13:55:16+01:00|graburl|http://api.flickr.com/services/feeds/groups_pool.gne?id=386755@N22&lang=en-us&format=rss_200|41124 bytes|from cache
2013-01-09T13:55:20+01:00|graburl|http://api.flickr.com/services/feeds/groups_pool.gne?id=386755@N22&lang=en-us&format=rss_200|41124 bytes|from cache
2013-01-09T13:55:23+01:00|graburl|http://api.flickr.com/services/feeds/groups_pool.gne?id=386755@N22&lang=en-us&format=rss_200|41124 bytes|from cache
2013-01-09T13:55:25+01:00|graburl|http://api.flickr.com/services/feeds/photos_public.gne?id=37855527@N00&tags=milonga&lang=en-us&format=rss_200|39357 bytes|from web
2013-01-09T13:56:19+01:00|graburl|http://api.flickr.com/services/feeds/photos_public.gne?id=37855527@N00&tags=milonga&lang=en-us&format=rss_200|39357 bytes|from cache
2013-01-09T13:56:36+01:00|graburl|http://api.flickr.com/services/feeds/photos_public.gne?id=37855527@N00&tags=milonga&lang=en-us&format=rss_200|39357 bytes|from cache
2013-01-09T13:56:39+01:00|graburl|http://api.flickr.com/services/feeds/groups_pool.gne?id=386755@N22&lang=en-us&format=rss_200|41124 bytes|from cache
2013-01-09T13:56:42+01:00|graburl|http://api.flickr.com/services/feeds/photos_public.gne?id=37855527@N00&tags=milonga&lang=en-us&format=rss_200|39357 bytes|from cache
2013-01-09T13:57:14+01:00|graburl|http://api.flickr.com/services/feeds/photos_public.gne?id=37855527@N00&tags=milonga&lang=en-us&format=rss_200|39357 bytes|from cache
2013-01-09T13:57:20+01:00|graburl|http://api.flickr.com/services/feeds/groups_pool.gne?id=386755@N22&lang=en-us&format=rss_200|41124 bytes|from cache
2013-01-09T13:57:33+01:00|graburl|http://api.flickr.com/services/feeds/groups_pool.gne?id=386755@N22&lang=en-us&format=rss_200|41124 bytes|from cache
2013-01-09T13:57:37+01:00|graburl|http://api.flickr.com/services/feeds/groups_pool.gne?id=386755@N22&lang=en-us&format=rss_200|41124 bytes|from cache
2013-01-09T14:01:58+01:00|graburl|http://api.flickr.com/services/feeds/groups_pool.gne?id=386755@N22&lang=en-us&format=rss_200|41124 bytes|from cache
2013-01-09T14:02:27+01:00|graburl|http://api.flickr.com/services/feeds/groups_pool.gne?id=386755@N22&lang=en-us&format=rss_200|41124 bytes|from cache
2013-01-09T14:02:49+01:00|graburl|http://api.flickr.com/services/feeds/groups_pool.gne?id=386755@N22&lang=en-us&format=rss_200|41124 bytes|from cache
2013-01-09T14:03:07+01:00|graburl|http://api.flickr.com/services/feeds/groups_pool.gne?id=386755@N22&lang=en-us&format=rss_200|41124 bytes|from cache
2013-01-09T14:03:17+01:00|graburl|http://api.flickr.com/services/feeds/groups_pool.gne?id=386755@N22&lang=en-us&format=rss_200|41124 bytes|from cache
2013-01-09T14:03:20+01:00|graburl|http://api.flickr.com/services/feeds/photos_public.gne?id=37855527@N00&tags=milonga&lang=en-us&format=rss_200|39357 bytes|from cache
2013-01-09T14:03:36+01:00|graburl|http://api.flickr.com/services/feeds/groups_pool.gne?id=386755@N22&lang=en-us&format=rss_200|41124 bytes|from cache
2013-01-09T14:08:02+01:00|graburl|http://api.flickr.com/services/feeds/groups_pool.gne?id=386755@N22&lang=en-us&format=rss_200|41124 bytes|from cache
2013-01-09T14:08:15+01:00|graburl|http://api.flickr.com/services/feeds/photos_public.gne?id=37855527@N00&tags=milonga&lang=en-us&format=rss_200|39357 bytes|from cache
2013-01-09T14:08:34+01:00|graburl|http://api.flickr.com/services/feeds/photos_public.gne?id=37855527@N00&tags=milonga&lang=en-us&format=rss_200|39357 bytes|from cache
2013-01-09T14:09:49+01:00|graburl|http://api.flickr.com/services/feeds/groups_pool.gne?id=386755@N22&lang=en-us&format=rss_200|41124 bytes|from cache
2013-01-09T14:09:51+01:00|graburl|http://api.flickr.com/services/feeds/photos_public.gne?id=37855527@N00&tags=milonga&lang=en-us&format=rss_200|39357 bytes|from cache
2013-01-09T14:09:52+01:00|graburl|http://api.flickr.com/services/feeds/groups_pool.gne?id=386755@N22&lang=en-us&format=rss_200|41124 bytes|from cache
2013-01-09T14:17:01+01:00|graburl|http://api.flickr.com/services/feeds/groups_pool.gne?id=386755@N22&lang=en-us&format=rss_200|41124 bytes|from cache
2013-01-09T14:17:11+01:00|graburl|http://api.flickr.com/services/feeds/photos_public.gne?id=37855527@N00&tags=milonga&lang=en-us&format=rss_200|39357 bytes|from cache
2013-01-09T14:17:14+01:00|graburl|http://api.flickr.com/services/feeds/groups_pool.gne?id=386755@N22&lang=en-us&format=rss_200|41124 bytes|from cache
2013-01-09T14:23:28+01:00|graburl|http://api.flickr.com/services/feeds/groups_pool.gne?id=386755@N22&lang=en-us&format=rss_200|41124 bytes|from cache
2013-01-09T14:50:57+01:00|graburl|http://api.flickr.com/services/feeds/groups_pool.gne?id=386755@N22&lang=en-us&format=rss_200|41124 bytes|from web
2013-01-09T14:50:57+01:00|graburl|http://api.flickr.com/services/feeds/groups_pool.gne?id=386755@N22&lang=en-us&format=rss_200|41124 bytes|from web
2013-01-09T14:51:26+01:00|graburl|http://api.flickr.com/services/feeds/groups_pool.gne?id=386755@N22&lang=en-us&format=rss_200|41124 bytes|from cache
2013-01-09T14:51:27+01:00|graburl|http://api.flickr.com/services/feeds/groups_pool.gne?id=386755@N22&lang=en-us&format=rss_200|41124 bytes|from cache
